<?xml version="1.0" encoding="UTF-8"?>
<!-- Generated by org.testng.reporters.JUnitReportReporter -->
<testsuite hostname="DESKTOP-UVU5C3P" failures="0" tests="3" name="com.QAframework_NavigateToDifferentPage.NavigateToDifferentPageAndVerify" time="25.076" errors="0" timestamp="2024-01-08T14:33:15 EST" skipped="0">
  <testcase classname="com.QAframework_NavigateToDifferentPage.NavigateToDifferentPageAndVerify" name="navigateToWebsiteConfirm" time="6.863"/>
  <testcase classname="com.QAframework_NavigateToDifferentPage.NavigateToDifferentPageAndVerify" name="newPageValidatio" time="7.212"/>
  <testcase classname="com.QAframework_NavigateToDifferentPage.NavigateToDifferentPageAndVerify" name="navigateNewPageAndVerifyElements" time="11.001"/>
</testsuite> <!-- com.QAframework_NavigateToDifferentPage.NavigateToDifferentPageAndVerify -->
