<?xml version="1.0" encoding="UTF-8"?>
<!-- Generated by org.testng.reporters.JUnitReportReporter -->
<testsuite hostname="DESKTOP-UVU5C3P" failures="0" tests="1" name="com.QAframework_VerifyTitle_EasyPart1.Verify_TitleOf_ThePage_EasyPart1" time="5.083" errors="0" timestamp="2024-01-08T12:09:08 EST" skipped="0">
  <testcase classname="com.QAframework_VerifyTitle_EasyPart1.Verify_TitleOf_ThePage_EasyPart1" name="validationOfTitle" time="5.083"/>
</testsuite> <!-- com.QAframework_VerifyTitle_EasyPart1.Verify_TitleOf_ThePage_EasyPart1 -->
