<?xml version="1.0" encoding="UTF-8"?>
<!-- Generated by org.testng.reporters.JUnitReportReporter -->
<testsuite hostname="DESKTOP-UVU5C3P" failures="0" tests="1" name="com.QAframework_ValidCredential_EasyPart1.Login_Valid_Credentials" time="8.147" errors="0" timestamp="2024-01-08T12:08:38 EST" skipped="0">
  <testcase classname="com.QAframework_ValidCredential_EasyPart1.Login_Valid_Credentials" name="fillOutALoginFormWithValidCredentials" time="8.147"/>
</testsuite> <!-- com.QAframework_ValidCredential_EasyPart1.Login_Valid_Credentials -->
